2024-10-08T18:47:59.766+02:00  INFO 16044 --- [SpringApplicationShutdownHook] j.LocalContainerEntityManagerFactoryBean : Closing JPA EntityManagerFactory for persistence unit 'default'
2024-10-08T18:47:59.767+02:00  INFO 16044 --- [SpringApplicationShutdownHook] com.zaxxer.hikari.HikariDataSource       : HikariPool-1 - Shutdown initiated...
2024-10-08T18:47:59.773+02:00  INFO 16044 --- [SpringApplicationShutdownHook] com.zaxxer.hikari.HikariDataSource       : HikariPool-1 - Shutdown completed.
2024-10-08T18:48:59.734+02:00  INFO 19344 --- [main] i.j.incidencia.IncidenciaApplication     : Starting IncidenciaApplication using Java 21.0.4 with PID 19344 (/home/jaydee/Github/Jandula_incidencias/incidencia/target/classes started by jaydee in /home/jaydee/Github/Jandula_incidencias/incidencia)
2024-10-08T18:48:59.735+02:00  INFO 19344 --- [main] i.j.incidencia.IncidenciaApplication     : No active profile set, falling back to 1 default profile: "default"
2024-10-08T18:49:00.032+02:00  INFO 19344 --- [main] .s.d.r.c.RepositoryConfigurationDelegate : Bootstrapping Spring Data JPA repositories in DEFAULT mode.
2024-10-08T18:49:00.062+02:00  INFO 19344 --- [main] .s.d.r.c.RepositoryConfigurationDelegate : Finished Spring Data repository scanning in 26 ms. Found 1 JPA repository interface.
2024-10-08T18:49:00.319+02:00  INFO 19344 --- [main] o.s.b.w.embedded.tomcat.TomcatWebServer  : Tomcat initialized with port 8888 (http)
2024-10-08T18:49:00.328+02:00  INFO 19344 --- [main] o.apache.catalina.core.StandardService   : Starting service [Tomcat]
2024-10-08T18:49:00.328+02:00  INFO 19344 --- [main] o.apache.catalina.core.StandardEngine    : Starting Servlet engine: [Apache Tomcat/10.1.30]
2024-10-08T18:49:00.353+02:00  INFO 19344 --- [main] o.a.c.c.C.[Tomcat].[localhost].[/]       : Initializing Spring embedded WebApplicationContext
2024-10-08T18:49:00.353+02:00  INFO 19344 --- [main] w.s.c.ServletWebServerApplicationContext : Root WebApplicationContext: initialization completed in 597 ms
2024-10-08T18:49:00.427+02:00  INFO 19344 --- [main] o.hibernate.jpa.internal.util.LogHelper  : HHH000204: Processing PersistenceUnitInfo [name: default]
2024-10-08T18:49:00.451+02:00  INFO 19344 --- [main] org.hibernate.Version                    : HHH000412: Hibernate ORM core version 6.5.3.Final
2024-10-08T18:49:00.466+02:00  INFO 19344 --- [main] o.h.c.internal.RegionFactoryInitiator    : HHH000026: Second-level cache disabled
2024-10-08T18:49:00.600+02:00  INFO 19344 --- [main] o.s.o.j.p.SpringPersistenceUnitInfo      : No LoadTimeWeaver setup: ignoring JPA class transformer
2024-10-08T18:49:00.613+02:00  INFO 19344 --- [main] com.zaxxer.hikari.HikariDataSource       : HikariPool-1 - Starting...
2024-10-08T18:49:00.813+02:00  INFO 19344 --- [main] com.zaxxer.hikari.pool.HikariPool        : HikariPool-1 - Added connection com.mysql.cj.jdbc.ConnectionImpl@1218e12
2024-10-08T18:49:00.814+02:00  INFO 19344 --- [main] com.zaxxer.hikari.HikariDataSource       : HikariPool-1 - Start completed.
2024-10-08T18:49:01.209+02:00  INFO 19344 --- [main] o.h.e.t.j.p.i.JtaPlatformInitiator       : HHH000489: No JTA platform available (set 'hibernate.transaction.jta.platform' to enable JTA platform integration)
2024-10-08T18:49:01.270+02:00  INFO 19344 --- [main] j.LocalContainerEntityManagerFactoryBean : Initialized JPA EntityManagerFactory for persistence unit 'default'
2024-10-08T18:49:01.381+02:00  INFO 19344 --- [main] o.s.d.j.r.query.QueryEnhancerFactory     : Hibernate is in classpath; If applicable, HQL parser will be used.
2024-10-08T18:49:01.595+02:00  WARN 19344 --- [main] JpaBaseConfiguration$JpaWebConfiguration : spring.jpa.open-in-view is enabled by default. Therefore, database queries may be performed during view rendering. Explicitly configure spring.jpa.open-in-view to disable this warning
2024-10-08T18:49:01.757+02:00  INFO 19344 --- [main] o.s.b.w.embedded.tomcat.TomcatWebServer  : Tomcat started on port 8888 (http) with context path '/'
2024-10-08T18:49:01.762+02:00  INFO 19344 --- [main] i.j.incidencia.IncidenciaApplication     : Started IncidenciaApplication in 2.297 seconds (process running for 2.517)
2024-10-08T18:49:04.050+02:00  INFO 19344 --- [SpringApplicationShutdownHook] j.LocalContainerEntityManagerFactoryBean : Closing JPA EntityManagerFactory for persistence unit 'default'
2024-10-08T18:49:04.051+02:00  INFO 19344 --- [SpringApplicationShutdownHook] com.zaxxer.hikari.HikariDataSource       : HikariPool-1 - Shutdown initiated...
2024-10-08T18:49:04.056+02:00  INFO 19344 --- [SpringApplicationShutdownHook] com.zaxxer.hikari.HikariDataSource       : HikariPool-1 - Shutdown completed.
2024-10-08T18:56:16.864+02:00  INFO 34837 --- [main] i.j.incidencia.IncidenciaApplication     : Starting IncidenciaApplication using Java 21.0.4 with PID 34837 (/home/jaydee/Github/Jandula_incidencias/incidencia/target/classes started by jaydee in /home/jaydee/Github/Jandula_incidencias/incidencia)
2024-10-08T18:56:16.865+02:00 DEBUG 34837 --- [main] i.j.incidencia.IncidenciaApplication     : Running with Spring Boot v3.3.4, Spring v6.1.13
2024-10-08T18:56:16.866+02:00  INFO 34837 --- [main] i.j.incidencia.IncidenciaApplication     : No active profile set, falling back to 1 default profile: "default"
2024-10-08T18:56:17.162+02:00  INFO 34837 --- [main] .s.d.r.c.RepositoryConfigurationDelegate : Bootstrapping Spring Data JPA repositories in DEFAULT mode.
2024-10-08T18:56:17.188+02:00  INFO 34837 --- [main] .s.d.r.c.RepositoryConfigurationDelegate : Finished Spring Data repository scanning in 22 ms. Found 1 JPA repository interface.
2024-10-08T18:56:17.454+02:00  INFO 34837 --- [main] o.s.b.w.embedded.tomcat.TomcatWebServer  : Tomcat initialized with port 8888 (http)
2024-10-08T18:56:17.463+02:00  INFO 34837 --- [main] o.apache.catalina.core.StandardService   : Starting service [Tomcat]
2024-10-08T18:56:17.463+02:00  INFO 34837 --- [main] o.apache.catalina.core.StandardEngine    : Starting Servlet engine: [Apache Tomcat/10.1.30]
2024-10-08T18:56:17.488+02:00  INFO 34837 --- [main] o.a.c.c.C.[Tomcat].[localhost].[/]       : Initializing Spring embedded WebApplicationContext
2024-10-08T18:56:17.489+02:00  INFO 34837 --- [main] w.s.c.ServletWebServerApplicationContext : Root WebApplicationContext: initialization completed in 599 ms
2024-10-08T18:56:17.581+02:00  INFO 34837 --- [main] o.hibernate.jpa.internal.util.LogHelper  : HHH000204: Processing PersistenceUnitInfo [name: default]
2024-10-08T18:56:17.606+02:00  INFO 34837 --- [main] org.hibernate.Version                    : HHH000412: Hibernate ORM core version 6.5.3.Final
2024-10-08T18:56:17.620+02:00  INFO 34837 --- [main] o.h.c.internal.RegionFactoryInitiator    : HHH000026: Second-level cache disabled
2024-10-08T18:56:17.748+02:00  INFO 34837 --- [main] o.s.o.j.p.SpringPersistenceUnitInfo      : No LoadTimeWeaver setup: ignoring JPA class transformer
2024-10-08T18:56:17.761+02:00  INFO 34837 --- [main] com.zaxxer.hikari.HikariDataSource       : HikariPool-1 - Starting...
2024-10-08T18:56:17.964+02:00  INFO 34837 --- [main] com.zaxxer.hikari.pool.HikariPool        : HikariPool-1 - Added connection com.mysql.cj.jdbc.ConnectionImpl@4fee14b
2024-10-08T18:56:17.966+02:00  INFO 34837 --- [main] com.zaxxer.hikari.HikariDataSource       : HikariPool-1 - Start completed.
2024-10-08T18:56:18.336+02:00  INFO 34837 --- [main] o.h.e.t.j.p.i.JtaPlatformInitiator       : HHH000489: No JTA platform available (set 'hibernate.transaction.jta.platform' to enable JTA platform integration)
2024-10-08T18:56:18.389+02:00  INFO 34837 --- [main] j.LocalContainerEntityManagerFactoryBean : Initialized JPA EntityManagerFactory for persistence unit 'default'
2024-10-08T18:56:18.494+02:00  INFO 34837 --- [main] o.s.d.j.r.query.QueryEnhancerFactory     : Hibernate is in classpath; If applicable, HQL parser will be used.
2024-10-08T18:56:18.720+02:00  WARN 34837 --- [main] JpaBaseConfiguration$JpaWebConfiguration : spring.jpa.open-in-view is enabled by default. Therefore, database queries may be performed during view rendering. Explicitly configure spring.jpa.open-in-view to disable this warning
2024-10-08T18:56:18.876+02:00  INFO 34837 --- [main] o.s.b.w.embedded.tomcat.TomcatWebServer  : Tomcat started on port 8888 (http) with context path '/'
2024-10-08T18:56:18.881+02:00  INFO 34837 --- [main] i.j.incidencia.IncidenciaApplication     : Started IncidenciaApplication in 2.282 seconds (process running for 2.493)
2024-10-08T18:56:22.663+02:00  INFO 34837 --- [http-nio-8888-exec-1] o.a.c.c.C.[Tomcat].[localhost].[/]       : Initializing Spring DispatcherServlet 'dispatcherServlet'
2024-10-08T18:56:22.663+02:00  INFO 34837 --- [http-nio-8888-exec-1] o.s.web.servlet.DispatcherServlet        : Initializing Servlet 'dispatcherServlet'
2024-10-08T18:56:22.663+02:00  INFO 34837 --- [http-nio-8888-exec-1] o.s.web.servlet.DispatcherServlet        : Completed initialization in 0 ms
2024-10-08T18:56:22.715+02:00 DEBUG 34837 --- [http-nio-8888-exec-1] i.j.i.rest.IncidenciaController          : Parametros recibidos: Correo - dgia543@g.educaand.es, Numero - 0.7, Descripcion - La pizarra electronica tiene fallos en la señal video HDMI.
2024-10-08T18:56:22.768+02:00 DEBUG 34837 --- [http-nio-8888-exec-1] i.j.i.rest.IncidenciaController          : Objeto guardado en base de datos.
Incidencia(id=1, numeroAula=0.7, correoDocente=dgia543@g.educaand.es, fechaIncidencia=Tue Oct 08 18:56:22 CEST 2024, descripcionIncidencia=La pizarra electronica tiene fallos en la señal video HDMI., estadoIncidencia=PENDIENTE, comentarioSolucion=)
2024-10-08T18:56:58.243+02:00 DEBUG 34837 --- [http-nio-8888-exec-3] i.j.i.rest.IncidenciaController          : Parametros recibidos: Correo - dgia543@g.educaand.es, Numero - , Descripcion - La pizarra electronica tiene fallos en la señal video HDMI.
2024-10-08T18:56:58.243+02:00 DEBUG 34837 --- [http-nio-8888-exec-3] i.j.i.rest.IncidenciaController          : Intento de creación de incidencia con numero de aula no definido
2024-10-08T18:57:09.220+02:00 DEBUG 34837 --- [http-nio-8888-exec-5] i.j.i.rest.IncidenciaController          : Parametros recibidos: Correo - dgia543@g.educaand.es, Numero - 0.7, Descripcion - null
2024-10-08T18:57:09.220+02:00 DEBUG 34837 --- [http-nio-8888-exec-5] i.j.i.rest.IncidenciaController          : Intento de creación de incidencia con descripcion no definida
2024-10-08T18:57:22.605+02:00  INFO 34837 --- [SpringApplicationShutdownHook] j.LocalContainerEntityManagerFactoryBean : Closing JPA EntityManagerFactory for persistence unit 'default'
2024-10-08T18:57:22.607+02:00  INFO 34837 --- [SpringApplicationShutdownHook] com.zaxxer.hikari.HikariDataSource       : HikariPool-1 - Shutdown initiated...
2024-10-08T18:57:22.613+02:00  INFO 34837 --- [SpringApplicationShutdownHook] com.zaxxer.hikari.HikariDataSource       : HikariPool-1 - Shutdown completed.
2024-10-08T19:02:22.443+02:00  INFO 48017 --- [main] i.j.incidencia.IncidenciaApplication     : Starting IncidenciaApplication using Java 21.0.4 with PID 48017 (/home/jaydee/Github/Jandula_incidencias/incidencia/target/classes started by jaydee in /home/jaydee/Github/Jandula_incidencias/incidencia)
2024-10-08T19:02:22.444+02:00 DEBUG 48017 --- [main] i.j.incidencia.IncidenciaApplication     : Running with Spring Boot v3.3.4, Spring v6.1.13
2024-10-08T19:02:22.445+02:00  INFO 48017 --- [main] i.j.incidencia.IncidenciaApplication     : No active profile set, falling back to 1 default profile: "default"
2024-10-08T19:02:22.761+02:00  INFO 48017 --- [main] .s.d.r.c.RepositoryConfigurationDelegate : Bootstrapping Spring Data JPA repositories in DEFAULT mode.
2024-10-08T19:02:22.787+02:00  INFO 48017 --- [main] .s.d.r.c.RepositoryConfigurationDelegate : Finished Spring Data repository scanning in 22 ms. Found 1 JPA repository interface.
2024-10-08T19:02:23.053+02:00  INFO 48017 --- [main] o.s.b.w.embedded.tomcat.TomcatWebServer  : Tomcat initialized with port 8888 (http)
2024-10-08T19:02:23.061+02:00  INFO 48017 --- [main] o.apache.catalina.core.StandardService   : Starting service [Tomcat]
2024-10-08T19:02:23.062+02:00  INFO 48017 --- [main] o.apache.catalina.core.StandardEngine    : Starting Servlet engine: [Apache Tomcat/10.1.30]
2024-10-08T19:02:23.088+02:00  INFO 48017 --- [main] o.a.c.c.C.[Tomcat].[localhost].[/]       : Initializing Spring embedded WebApplicationContext
2024-10-08T19:02:23.088+02:00  INFO 48017 --- [main] w.s.c.ServletWebServerApplicationContext : Root WebApplicationContext: initialization completed in 622 ms
2024-10-08T19:02:23.166+02:00  INFO 48017 --- [main] o.hibernate.jpa.internal.util.LogHelper  : HHH000204: Processing PersistenceUnitInfo [name: default]
2024-10-08T19:02:23.188+02:00  INFO 48017 --- [main] org.hibernate.Version                    : HHH000412: Hibernate ORM core version 6.5.3.Final
2024-10-08T19:02:23.205+02:00  INFO 48017 --- [main] o.h.c.internal.RegionFactoryInitiator    : HHH000026: Second-level cache disabled
2024-10-08T19:02:23.339+02:00  INFO 48017 --- [main] o.s.o.j.p.SpringPersistenceUnitInfo      : No LoadTimeWeaver setup: ignoring JPA class transformer
2024-10-08T19:02:23.352+02:00  INFO 48017 --- [main] com.zaxxer.hikari.HikariDataSource       : HikariPool-1 - Starting...
2024-10-08T19:02:23.552+02:00  INFO 48017 --- [main] com.zaxxer.hikari.pool.HikariPool        : HikariPool-1 - Added connection com.mysql.cj.jdbc.ConnectionImpl@717a8a76
2024-10-08T19:02:23.554+02:00  INFO 48017 --- [main] com.zaxxer.hikari.HikariDataSource       : HikariPool-1 - Start completed.
2024-10-08T19:02:23.944+02:00  INFO 48017 --- [main] o.h.e.t.j.p.i.JtaPlatformInitiator       : HHH000489: No JTA platform available (set 'hibernate.transaction.jta.platform' to enable JTA platform integration)
2024-10-08T19:02:23.999+02:00  INFO 48017 --- [main] j.LocalContainerEntityManagerFactoryBean : Initialized JPA EntityManagerFactory for persistence unit 'default'
2024-10-08T19:02:24.112+02:00  INFO 48017 --- [main] o.s.d.j.r.query.QueryEnhancerFactory     : Hibernate is in classpath; If applicable, HQL parser will be used.
2024-10-08T19:02:24.364+02:00  WARN 48017 --- [main] JpaBaseConfiguration$JpaWebConfiguration : spring.jpa.open-in-view is enabled by default. Therefore, database queries may be performed during view rendering. Explicitly configure spring.jpa.open-in-view to disable this warning
2024-10-08T19:02:24.534+02:00  INFO 48017 --- [main] o.s.b.w.embedded.tomcat.TomcatWebServer  : Tomcat started on port 8888 (http) with context path '/'
2024-10-08T19:02:24.539+02:00  INFO 48017 --- [main] i.j.incidencia.IncidenciaApplication     : Started IncidenciaApplication in 2.363 seconds (process running for 2.581)
2024-10-08T19:02:28.135+02:00  INFO 48017 --- [http-nio-8888-exec-1] o.a.c.c.C.[Tomcat].[localhost].[/]       : Initializing Spring DispatcherServlet 'dispatcherServlet'
2024-10-08T19:02:28.135+02:00  INFO 48017 --- [http-nio-8888-exec-1] o.s.web.servlet.DispatcherServlet        : Initializing Servlet 'dispatcherServlet'
2024-10-08T19:02:28.136+02:00  INFO 48017 --- [http-nio-8888-exec-1] o.s.web.servlet.DispatcherServlet        : Completed initialization in 1 ms
2024-10-08T19:02:30.714+02:00 DEBUG 48017 --- [http-nio-8888-exec-3] i.j.i.rest.IncidenciaController          : Parametros recibidos: Correo - dgia543@g.educaand.es, Numero - 0.7, Descripcion - La pizarra electronica tiene fallos en la señal video HDMI.
2024-10-08T19:02:30.744+02:00 DEBUG 48017 --- [http-nio-8888-exec-3] i.j.i.rest.IncidenciaController          : Objeto guardado en base de datos.
Incidencia(id=1, numeroAula=0.7, correoDocente=dgia543@g.educaand.es, fechaIncidencia=Tue Oct 08 19:02:30 CEST 2024, descripcionIncidencia=La pizarra electronica tiene fallos en la señal video HDMI., estadoIncidencia=PENDIENTE, comentarioSolucion=)
2024-10-08T19:02:41.817+02:00 DEBUG 48017 --- [http-nio-8888-exec-4] i.j.i.rest.IncidenciaController          : Parametros recibidos: Correo - dgia543@g.educaand.es, Numero - 0.5, Descripcion - Ratones rotos.
2024-10-08T19:02:41.826+02:00 DEBUG 48017 --- [http-nio-8888-exec-4] i.j.i.rest.IncidenciaController          : Objeto guardado en base de datos.
Incidencia(id=2, numeroAula=0.5, correoDocente=dgia543@g.educaand.es, fechaIncidencia=Tue Oct 08 19:02:41 CEST 2024, descripcionIncidencia=Ratones rotos., estadoIncidencia=PENDIENTE, comentarioSolucion=)
2024-10-08T19:02:55.943+02:00 DEBUG 48017 --- [http-nio-8888-exec-5] i.j.i.rest.IncidenciaController          : Parametros recibidos: Correo - dgia543@g.educaand.es, Numero - 0.8, Descripcion - Pantallas que no encienten y teclados rotos.
2024-10-08T19:02:55.952+02:00 DEBUG 48017 --- [http-nio-8888-exec-5] i.j.i.rest.IncidenciaController          : Objeto guardado en base de datos.
Incidencia(id=3, numeroAula=0.8, correoDocente=dgia543@g.educaand.es, fechaIncidencia=Tue Oct 08 19:02:55 CEST 2024, descripcionIncidencia=Pantallas que no encienten y teclados rotos., estadoIncidencia=PENDIENTE, comentarioSolucion=)
2024-10-08T19:03:04.152+02:00 DEBUG 48017 --- [http-nio-8888-exec-9] i.j.i.rest.IncidenciaController          : Parametros recibidos: Correo - dgia543@g.educaand.es, Numero - , Descripcion - La pizarra electronica tiene fallos en la señal video HDMI.
2024-10-08T19:03:04.152+02:00 DEBUG 48017 --- [http-nio-8888-exec-9] i.j.i.rest.IncidenciaController          : Intento de creación de incidencia con numero de aula no definido
2024-10-08T19:03:08.725+02:00 DEBUG 48017 --- [http-nio-8888-exec-6] i.j.i.rest.IncidenciaController          : Parametros recibidos: Correo - dgia543@g.educaand.es, Numero - 0.7, Descripcion - null
2024-10-08T19:03:08.725+02:00 DEBUG 48017 --- [http-nio-8888-exec-6] i.j.i.rest.IncidenciaController          : Intento de creación de incidencia con descripcion no definida
2024-10-08T19:07:07.125+02:00  INFO 48017 --- [SpringApplicationShutdownHook] j.LocalContainerEntityManagerFactoryBean : Closing JPA EntityManagerFactory for persistence unit 'default'
2024-10-08T19:07:07.126+02:00  INFO 48017 --- [SpringApplicationShutdownHook] com.zaxxer.hikari.HikariDataSource       : HikariPool-1 - Shutdown initiated...
2024-10-08T19:07:07.131+02:00  INFO 48017 --- [SpringApplicationShutdownHook] com.zaxxer.hikari.HikariDataSource       : HikariPool-1 - Shutdown completed.
2024-10-08T19:07:11.126+02:00  INFO 58253 --- [main] i.j.incidencia.IncidenciaApplication     : Starting IncidenciaApplication using Java 21.0.4 with PID 58253 (/home/jaydee/Github/Jandula_incidencias/incidencia/target/classes started by jaydee in /home/jaydee/Github/Jandula_incidencias/incidencia)
2024-10-08T19:07:11.127+02:00 DEBUG 58253 --- [main] i.j.incidencia.IncidenciaApplication     : Running with Spring Boot v3.3.4, Spring v6.1.13
2024-10-08T19:07:11.128+02:00  INFO 58253 --- [main] i.j.incidencia.IncidenciaApplication     : No active profile set, falling back to 1 default profile: "default"
2024-10-08T19:07:11.416+02:00  INFO 58253 --- [main] .s.d.r.c.RepositoryConfigurationDelegate : Bootstrapping Spring Data JPA repositories in DEFAULT mode.
2024-10-08T19:07:11.446+02:00  INFO 58253 --- [main] .s.d.r.c.RepositoryConfigurationDelegate : Finished Spring Data repository scanning in 23 ms. Found 1 JPA repository interface.
2024-10-08T19:07:11.709+02:00  INFO 58253 --- [main] o.s.b.w.embedded.tomcat.TomcatWebServer  : Tomcat initialized with port 8888 (http)
2024-10-08T19:07:11.717+02:00  INFO 58253 --- [main] o.apache.catalina.core.StandardService   : Starting service [Tomcat]
2024-10-08T19:07:11.718+02:00  INFO 58253 --- [main] o.apache.catalina.core.StandardEngine    : Starting Servlet engine: [Apache Tomcat/10.1.30]
2024-10-08T19:07:11.745+02:00  INFO 58253 --- [main] o.a.c.c.C.[Tomcat].[localhost].[/]       : Initializing Spring embedded WebApplicationContext
2024-10-08T19:07:11.745+02:00  INFO 58253 --- [main] w.s.c.ServletWebServerApplicationContext : Root WebApplicationContext: initialization completed in 596 ms
2024-10-08T19:07:11.821+02:00  INFO 58253 --- [main] o.hibernate.jpa.internal.util.LogHelper  : HHH000204: Processing PersistenceUnitInfo [name: default]
2024-10-08T19:07:11.845+02:00  INFO 58253 --- [main] org.hibernate.Version                    : HHH000412: Hibernate ORM core version 6.5.3.Final
2024-10-08T19:07:11.859+02:00  INFO 58253 --- [main] o.h.c.internal.RegionFactoryInitiator    : HHH000026: Second-level cache disabled
2024-10-08T19:07:11.989+02:00  INFO 58253 --- [main] o.s.o.j.p.SpringPersistenceUnitInfo      : No LoadTimeWeaver setup: ignoring JPA class transformer
2024-10-08T19:07:12.001+02:00  INFO 58253 --- [main] com.zaxxer.hikari.HikariDataSource       : HikariPool-1 - Starting...
2024-10-08T19:07:12.204+02:00  INFO 58253 --- [main] com.zaxxer.hikari.pool.HikariPool        : HikariPool-1 - Added connection com.mysql.cj.jdbc.ConnectionImpl@7cdc4070
2024-10-08T19:07:12.205+02:00  INFO 58253 --- [main] com.zaxxer.hikari.HikariDataSource       : HikariPool-1 - Start completed.
2024-10-08T19:07:12.569+02:00  INFO 58253 --- [main] o.h.e.t.j.p.i.JtaPlatformInitiator       : HHH000489: No JTA platform available (set 'hibernate.transaction.jta.platform' to enable JTA platform integration)
2024-10-08T19:07:12.622+02:00  INFO 58253 --- [main] j.LocalContainerEntityManagerFactoryBean : Initialized JPA EntityManagerFactory for persistence unit 'default'
2024-10-08T19:07:12.729+02:00  INFO 58253 --- [main] o.s.d.j.r.query.QueryEnhancerFactory     : Hibernate is in classpath; If applicable, HQL parser will be used.
2024-10-08T19:07:12.949+02:00  WARN 58253 --- [main] JpaBaseConfiguration$JpaWebConfiguration : spring.jpa.open-in-view is enabled by default. Therefore, database queries may be performed during view rendering. Explicitly configure spring.jpa.open-in-view to disable this warning
2024-10-08T19:07:13.110+02:00  INFO 58253 --- [main] o.s.b.w.embedded.tomcat.TomcatWebServer  : Tomcat started on port 8888 (http) with context path '/'
2024-10-08T19:07:13.115+02:00  INFO 58253 --- [main] i.j.incidencia.IncidenciaApplication     : Started IncidenciaApplication in 2.253 seconds (process running for 2.465)
2024-10-08T19:07:20.814+02:00  INFO 58253 --- [http-nio-8888-exec-1] o.a.c.c.C.[Tomcat].[localhost].[/]       : Initializing Spring DispatcherServlet 'dispatcherServlet'
2024-10-08T19:07:20.814+02:00  INFO 58253 --- [http-nio-8888-exec-1] o.s.web.servlet.DispatcherServlet        : Initializing Servlet 'dispatcherServlet'
2024-10-08T19:07:20.815+02:00  INFO 58253 --- [http-nio-8888-exec-1] o.s.web.servlet.DispatcherServlet        : Completed initialization in 1 ms
2024-10-08T19:07:20.867+02:00 DEBUG 58253 --- [http-nio-8888-exec-1] i.j.i.rest.IncidenciaController          : Parametros recibidos: Correo - dgia543@g.educaand.es, Numero - 0.7, Descripcion - La pizarra electronica tiene fallos en la señal video HDMI.
2024-10-08T19:07:20.910+02:00 DEBUG 58253 --- [http-nio-8888-exec-1] i.j.i.rest.IncidenciaController          : Objeto guardado en base de datos.
Incidencia(id=1, numeroAula=0.7, correoDocente=dgia543@g.educaand.es, fechaIncidencia=Tue Oct 08 19:07:20 CEST 2024, descripcionIncidencia=La pizarra electronica tiene fallos en la señal video HDMI., estadoIncidencia=PENDIENTE, comentarioSolucion=)
2024-10-08T19:08:20.991+02:00 DEBUG 58253 --- [http-nio-8888-exec-5] i.j.i.rest.IncidenciaController          : Objeto guardado en base de datos:
Incidencia(id=1, numeroAula=0.7, correoDocente=dgia543@g.educaand.es, fechaIncidencia=2024-10-08 19:07:20.867, descripcionIncidencia=La pizarra electronica tiene fallos en la señal video HDMI., estadoIncidencia=RESUELTA, comentarioSolucion={
    "comentarioSolucion":"Pues cambie de pieza"
})
2024-10-08T19:12:44.494+02:00 DEBUG 58253 --- [http-nio-8888-exec-7] i.j.i.rest.IncidenciaController          : Parametros recibidos: Correo - dgia543@g.educaand.es, Numero - 0.7, Descripcion - La pizarra electronica tiene fallos en la señal video HDMI.
2024-10-08T19:12:44.503+02:00 DEBUG 58253 --- [http-nio-8888-exec-7] i.j.i.rest.IncidenciaController          : Objeto guardado en base de datos.
Incidencia(id=2, numeroAula=0.7, correoDocente=dgia543@g.educaand.es, fechaIncidencia=Tue Oct 08 19:12:44 CEST 2024, descripcionIncidencia=La pizarra electronica tiene fallos en la señal video HDMI., estadoIncidencia=PENDIENTE, comentarioSolucion=)
2024-10-08T19:12:50.911+02:00 DEBUG 58253 --- [http-nio-8888-exec-8] i.j.i.rest.IncidenciaController          : Objeto guardado en base de datos:
Incidencia(id=2, numeroAula=0.7, correoDocente=dgia543@g.educaand.es, fechaIncidencia=2024-10-08 19:12:44.495, descripcionIncidencia=La pizarra electronica tiene fallos en la señal video HDMI., estadoIncidencia=RESUELTA, comentarioSolucion=Cambié las piezas.)
2024-10-08T19:14:50.137+02:00  WARN 58253 --- [http-nio-8888-exec-1] .w.s.m.s.DefaultHandlerExceptionResolver : Resolved [org.springframework.http.converter.HttpMessageNotReadableException: Required request body is missing: private org.springframework.http.ResponseEntity<java.lang.String> ies.jandula.incidencia.rest.IncidenciaController.resuelveIncidencia(long,java.lang.String)]
2024-10-08T19:14:54.448+02:00  INFO 58253 --- [SpringApplicationShutdownHook] j.LocalContainerEntityManagerFactoryBean : Closing JPA EntityManagerFactory for persistence unit 'default'
2024-10-08T19:14:54.450+02:00  INFO 58253 --- [SpringApplicationShutdownHook] com.zaxxer.hikari.HikariDataSource       : HikariPool-1 - Shutdown initiated...
2024-10-08T19:14:54.456+02:00  INFO 58253 --- [SpringApplicationShutdownHook] com.zaxxer.hikari.HikariDataSource       : HikariPool-1 - Shutdown completed.
